Log file open, 04/17/24 14:58:19
LogWindows: Failed to load 'aqProf.dll' (GetLastError=126)
LogWindows: File 'aqProf.dll' does not exist
LogWindows: Failed to load 'VtuneApi.dll' (GetLastError=126)
LogWindows: File 'VtuneApi.dll' does not exist
LogWindows: Failed to load 'VtuneApi32e.dll' (GetLastError=126)
LogWindows: File 'VtuneApi32e.dll' does not exist
LogConsoleResponse: Display: Failed to find resolution value strings in scalability ini. Falling back to default.
LogConsoleResponse: Display: Failed to find resolution value strings in scalability ini. Falling back to default.
LogInit: Display: Running engine for game: ProGenRooms
LogPlatformFile: Not using cached read wrapper
LogTaskGraph: Started task graph with 5 named threads and 11 total threads with 3 sets of task threads.
LogStats: Stats thread started at 2.765282
LogICUInternationalization: ICU TimeZone Detection - Raw Offset: +0:00, Platform Override: ''
LogInit: Display: Loading text-based GConfig....
LogPluginManager: Mounting plugin MeshPainting
LogPluginManager: Mounting plugin XGEController
LogPluginManager: Mounting plugin Paper2D
LogPluginManager: Mounting plugin LightPropagationVolume
LogPluginManager: Mounting plugin LiveLink
LogPluginManager: Mounting plugin EnvironmentQueryEditor
LogPluginManager: Mounting plugin AISupport
LogPluginManager: Mounting plugin CameraShakePreviewer
LogPluginManager: Mounting plugin OodleData
LogPluginManager: Mounting plugin OodleNetwork
LogPluginManager: Mounting plugin AnimationSharing
LogPluginManager: Mounting plugin CLionSourceCodeAccess
LogPluginManager: Mounting plugin CodeLiteSourceCodeAccess
LogPluginManager: Mounting plugin GitSourceControl
LogPluginManager: Mounting plugin KDevelopSourceCodeAccess
LogPluginManager: Mounting plugin NullSourceCodeAccess
LogPluginManager: Mounting plugin PerforceSourceControl
LogPluginManager: Mounting plugin PixWinPlugin
LogPluginManager: Mounting plugin PlasticSourceControl
LogPluginManager: Mounting plugin PluginUtils
LogPluginManager: Mounting plugin PropertyAccessNode
LogPluginManager: Mounting plugin GameplayCameras
LogPluginManager: Mounting plugin RiderSourceCodeAccess
LogPluginManager: Mounting plugin SubversionSourceControl
LogPluginManager: Mounting plugin TextureFormatOodle
LogPluginManager: Mounting plugin UObjectPlugin
LogPluginManager: Mounting plugin VisualStudioCodeSourceCodeAccess
LogPluginManager: Mounting plugin VisualStudioSourceCodeAccess
LogPluginManager: Mounting plugin XCodeSourceCodeAccess
LogPluginManager: Mounting plugin AssetManagerEditor
LogPluginManager: Mounting plugin CryptoKeys
LogPluginManager: Mounting plugin DataValidation
LogPluginManager: Mounting plugin CurveEditorTools
LogPluginManager: Mounting plugin FacialAnimation
LogPluginManager: Mounting plugin GameplayTagsEditor
LogPluginManager: Mounting plugin GeometryMode
LogPluginManager: Mounting plugin MacGraphicsSwitching
LogPluginManager: Mounting plugin MaterialAnalyzer
LogPluginManager: Mounting plugin MobileLauncherProfileWizard
LogPluginManager: Mounting plugin PluginBrowser
LogPluginManager: Mounting plugin SpeedTreeImporter
LogPluginManager: Mounting plugin DatasmithContent
LogPluginManager: Mounting plugin VariantManagerContent
LogPluginManager: Mounting plugin Niagara
LogPluginManager: Mounting plugin AlembicImporter
LogPluginManager: Mounting plugin AutomationUtils
LogPluginManager: Mounting plugin BackChannel
LogPluginManager: Mounting plugin ChaosCloth
LogPluginManager: Mounting plugin ChaosNiagara
LogPluginManager: Mounting plugin ChaosClothEditor
LogPluginManager: Mounting plugin ChaosEditor
LogPluginManager: Mounting plugin ChaosSolverPlugin
LogPluginManager: Mounting plugin CharacterAI
LogPluginManager: Mounting plugin GeometryCache
LogPluginManager: Mounting plugin GeometryCollectionPlugin
LogPluginManager: Mounting plugin GeometryProcessing
LogPluginManager: Mounting plugin MotoSynth
LogPluginManager: Mounting plugin OpenImageDenoise
LogPluginManager: Mounting plugin LuminPlatformFeatures
LogPluginManager: Mounting plugin PlanarCut
LogPluginManager: Mounting plugin MagicLeap
LogPluginManager: Mounting plugin PlatformCrypto
LogPluginManager: Mounting plugin ProxyLODPlugin
LogPluginManager: Mounting plugin PythonScriptPlugin
LogPluginManager: Mounting plugin MagicLeapLightEstimation
LogPluginManager: Mounting plugin MagicLeapMedia
LogPluginManager: Mounting plugin MagicLeapPassableWorld
LogPluginManager: Mounting plugin MLSDK
LogPluginManager: Mounting plugin SkeletalReduction
LogPluginManager: Mounting plugin AndroidMedia
LogPluginManager: Mounting plugin AvfMedia
LogPluginManager: Mounting plugin ImgMedia
LogPluginManager: Mounting plugin MediaCompositing
LogPluginManager: Mounting plugin MediaPlayerEditor
LogPluginManager: Mounting plugin WebMMedia
LogPluginManager: Mounting plugin WmfMedia
LogPluginManager: Mounting plugin ActorSequence
LogPluginManager: Mounting plugin MatineeToLevelSequence
LogPluginManager: Mounting plugin TemplateSequence
LogPluginManager: Mounting plugin LevelSequenceEditor
LogPluginManager: Mounting plugin OnlineSubsystem
LogPluginManager: Mounting plugin OnlineSubsystemNull
LogPluginManager: Mounting plugin OnlineSubsystemUtils
LogPluginManager: Mounting plugin LauncherChunkInstaller
LogPluginManager: Mounting plugin ActorLayerUtilities
LogPluginManager: Mounting plugin AndroidDeviceProfileSelector
LogPluginManager: Mounting plugin AndroidMoviePlayer
LogPluginManager: Mounting plugin AndroidPermission
LogPluginManager: Mounting plugin AppleImageUtils
LogPluginManager: Mounting plugin AppleMoviePlayer
LogPluginManager: Mounting plugin ArchVisCharacter
LogPluginManager: Mounting plugin AssetTags
LogPluginManager: Mounting plugin AudioCapture
LogPluginManager: Mounting plugin AudioSynesthesia
LogPluginManager: Mounting plugin CableComponent
LogPluginManager: Mounting plugin ChunkDownloader
LogPluginManager: Mounting plugin CustomMeshComponent
LogPluginManager: Mounting plugin EditableMesh
LogPluginManager: Mounting plugin ExampleDeviceProfileSelector
LogPluginManager: Mounting plugin GoogleCloudMessaging
LogPluginManager: Mounting plugin GooglePAD
LogPluginManager: Mounting plugin IOSDeviceProfileSelector
LogPluginManager: Mounting plugin LinuxDeviceProfileSelector
LogPluginManager: Mounting plugin LocationServicesBPLibrary
LogPluginManager: Mounting plugin MobilePatchingUtils
LogPluginManager: Mounting plugin OpenXR
LogPluginManager: Mounting plugin OpenXREyeTracker
LogPluginManager: Mounting plugin OpenXRHandTracking
LogPluginManager: Mounting plugin PhysXVehicles
LogPluginManager: Mounting plugin PostSplashScreen
LogPluginManager: Mounting plugin ProceduralMeshComponent
LogPluginManager: Mounting plugin PropertyAccessEditor
LogPluginManager: Mounting plugin RuntimePhysXCooking
LogPluginManager: Mounting plugin SignificanceManager
LogPluginManager: Mounting plugin SoundFields
LogPluginManager: Mounting plugin Synthesis
LogPluginManager: Mounting plugin WebMMoviePlayer
LogPluginManager: Mounting plugin WindowsMoviePlayer
LogPluginManager: Mounting plugin ScreenshotTools
LogPluginManager: Mounting plugin UdpMessaging
LogPluginManager: Mounting plugin TcpMessaging
LogPluginManager: Mounting plugin Takes
LogPluginManager: Mounting plugin ContentBrowserAssetDataSource
LogPluginManager: Mounting plugin ContentBrowserClassDataSource
LogPluginManager: Mounting plugin ContentBrowserFileDataSource
LogPluginManager: Mounting plugin OnlineSubsystemGooglePlay
LogPluginManager: Mounting plugin OnlineSubsystemIOS
LogPluginManager: Mounting plugin OculusVR
LogPluginManager: Mounting plugin SteamVR
PixWinPlugin: PIX capture plugin failed to initialize! Check that the process is launched from PIX.
LogInit: Using libcurl 7.55.1-DEV
LogInit:  - built for x86_64-pc-win32
LogInit:  - supports SSL with OpenSSL/1.1.1
LogInit:  - supports HTTP deflate (compression) using libz 1.2.8
LogInit:  - other features:
LogInit:      CURL_VERSION_SSL
LogInit:      CURL_VERSION_LIBZ
LogInit:      CURL_VERSION_IPV6
LogInit:      CURL_VERSION_ASYNCHDNS
LogInit:      CURL_VERSION_LARGEFILE
LogInit:      CURL_VERSION_IDN
LogInit:  CurlRequestOptions (configurable via config and command line):
LogInit:  - bVerifyPeer = true  - Libcurl will verify peer certificate
LogInit:  - bUseHttpProxy = false  - Libcurl will NOT use HTTP proxy
LogInit:  - bDontReuseConnections = false  - Libcurl will reuse connections
LogInit:  - MaxHostConnections = 16  - Libcurl will limit the number of connections to a host
LogInit:  - LocalHostAddr = Default
LogInit:  - BufferSize = 65536
LogOnline: OSS: Creating online subsystem instance for: NULL
LogInit: WinSock: version 1.1 (2.2), MaxSocks=32767, MaxUdp=65467
LogOnline: OSS: TryLoadSubsystemAndSetDefault: Loaded subsystem for module [NULL]
LogOculusPluginWrapper: OculusPlugin initialized successfully
LogHMD: Failed initializing OVRPlugin 1.59.0
LogInit: Build: ++UE4+Release-4.27-CL-18319896
LogInit: Engine Version: 4.27.2-18319896+++UE4+Release-4.27
LogInit: Compatible Engine Version: 4.27.0-17155196+++UE4+Release-4.27
LogInit: Net CL: 17155196
LogInit: OS: Windows 10 (Release 2009) (), CPU: 11th Gen Intel(R) Core(TM) i3-1115G4 @ 3.00GHz, GPU: Intel(R) UHD Graphics
LogInit: Compiled (64-bit): Nov 30 2021 07:12:08
LogInit: Compiled with Visual C++: 19.24.28315.00
LogInit: Build Configuration: Development
LogInit: Branch Name: ++UE4+Release-4.27
LogInit: Command Line:  /Game/Levels/MainMenuMap -game -PIEVIACONSOLE -Multiprocess "GameUserSettingsINI=C:/Users/User/Documents/TRI2/ProceduralGenProject/Major Project 2/ProGenRooms/Saved/Config/Windows/PIEGameUserSettings0.ini" -MultiprocessSaveConfig -forcepassthrough -messaging -SessionName="Play in Standalone Game" -windowed -WinX=1920 -WinY=30 SAVEWINPOS=1 -ResX=1910 -ResY=1046
LogInit: Base Directory: C:/Program Files/Epic Games/UE_4.27/Engine/Binaries/Win64/
LogInit: Allocator: TBB
LogInit: Installed Engine Build: 1
LogDevObjectVersion: Number of dev versions registered: 29
LogDevObjectVersion:   Dev-Blueprints (B0D832E4-1F89-4F0D-ACCF-7EB736FD4AA2): 10
LogDevObjectVersion:   Dev-Build (E1C64328-A22C-4D53-A36C-8E866417BD8C): 0
LogDevObjectVersion:   Dev-Core (375EC13C-06E4-48FB-B500-84F0262A717E): 4
LogDevObjectVersion:   Dev-Editor (E4B068ED-F494-42E9-A231-DA0B2E46BB41): 40
LogDevObjectVersion:   Dev-Framework (CFFC743F-43B0-4480-9391-14DF171D2073): 37
LogDevObjectVersion:   Dev-Mobile (B02B49B5-BB20-44E9-A304-32B752E40360): 3
LogDevObjectVersion:   Dev-Networking (A4E4105C-59A1-49B5-A7C5-40C4547EDFEE): 0
LogDevObjectVersion:   Dev-Online (39C831C9-5AE6-47DC-9A44-9C173E1C8E7C): 0
LogDevObjectVersion:   Dev-Physics (78F01B33-EBEA-4F98-B9B4-84EACCB95AA2): 14
LogDevObjectVersion:   Dev-Platform (6631380F-2D4D-43E0-8009-CF276956A95A): 0
LogDevObjectVersion:   Dev-Rendering (12F88B9F-8875-4AFC-A67C-D90C383ABD29): 45
LogDevObjectVersion:   Dev-Sequencer (7B5AE74C-D270-4C10-A958-57980B212A5A): 13
LogDevObjectVersion:   Dev-VR (D7296918-1DD6-4BDD-9DE2-64A83CC13884): 3
LogDevObjectVersion:   Dev-LoadTimes (C2A15278-BFE7-4AFE-6C17-90FF531DF755): 1
LogDevObjectVersion:   Private-Geometry (6EACA3D4-40EC-4CC1-B786-8BED09428FC5): 3
LogDevObjectVersion:   Dev-AnimPhys (29E575DD-E0A3-4627-9D10-D276232CDCEA): 17
LogDevObjectVersion:   Dev-Anim (AF43A65D-7FD3-4947-9873-3E8ED9C1BB05): 15
LogDevObjectVersion:   Dev-ReflectionCapture (6B266CEC-1EC7-4B8F-A30B-E4D90942FC07): 1
LogDevObjectVersion:   Dev-Automation (0DF73D61-A23F-47EA-B727-89E90C41499A): 1
LogDevObjectVersion:   FortniteMain (601D1886-AC64-4F84-AA16-D3DE0DEAC7D6): 47
LogDevObjectVersion:   FortniteRelease (E7086368-6B23-4C58-8439-1B7016265E91): 1
LogDevObjectVersion:   Dev-Enterprise (9DFFBCD6-494F-0158-E221-12823C92A888): 10
LogDevObjectVersion:   Dev-Niagara (F2AED0AC-9AFE-416F-8664-AA7FFA26D6FC): 1
LogDevObjectVersion:   Dev-Destruction (174F1F0B-B4C6-45A5-B13F-2EE8D0FB917D): 10
LogDevObjectVersion:   Dev-Physics-Ext (35F94A83-E258-406C-A318-09F59610247C): 41
LogDevObjectVersion:   Dev-PhysicsMaterial-Chaos (B68FC16E-8B1B-42E2-B453-215C058844FE): 1
LogDevObjectVersion:   Dev-CineCamera (B2E18506-4273-CFC2-A54E-F4BB758BBA07): 1
LogDevObjectVersion:   Dev-VirtualProduction (64F58936-FD1B-42BA-BA96-7289D5D0FA4E): 1
LogDevObjectVersion:   Dev-MediaFramework (6F0ED827-A609-4895-9C91-998D90180EA4): 2
LogInit: Presizing for max 25165824 objects, including 0 objects not considered by GC, pre-allocating 0 bytes for permanent pool.
LogConfig: Applying CVar settings from Section [/Script/Engine.StreamingSettings] File [C:/Users/User/Documents/TRI2/ProceduralGenProject/Major Project 2/ProGenRooms/Saved/Config/Windows/Engine.ini]
LogConfig: Setting CVar [[s.MinBulkDataSizeForAsyncLoading:131072]]
LogConfig: Setting CVar [[s.AsyncLoadingThreadEnabled:0]]
LogConfig: Setting CVar [[s.EventDrivenLoaderEnabled:1]]
LogConfig: Setting CVar [[s.WarnIfTimeLimitExceeded:0]]
LogConfig: Setting CVar [[s.TimeLimitExceededMultiplier:1.5]]
LogConfig: Setting CVar [[s.TimeLimitExceededMinTime:0.005]]
LogConfig: Setting CVar [[s.UseBackgroundLevelStreaming:1]]
LogConfig: Setting CVar [[s.PriorityAsyncLoadingExtraTime:15.0]]
LogConfig: Setting CVar [[s.LevelStreamingActorsUpdateTimeLimit:5.0]]
LogConfig: Setting CVar [[s.PriorityLevelStreamingActorsUpdateExtraTime:5.0]]
LogConfig: Setting CVar [[s.LevelStreamingComponentsRegistrationGranularity:10]]
LogConfig: Setting CVar [[s.UnregisterComponentsTimeLimit:1.0]]
LogConfig: Setting CVar [[s.LevelStreamingComponentsUnregistrationGranularity:5]]
LogConfig: Setting CVar [[s.FlushStreamingOnExit:1]]
LogInit: Object subsystem initialized
LogConfig: Setting CVar [[con.DebugEarlyDefault:1]]
LogConfig: Setting CVar [[r.setres:1280x720]]
[2024.04.17-13.58.26:350][  0]LogConfig: Setting CVar [[con.DebugEarlyDefault:1]]
[2024.04.17-13.58.26:350][  0]LogConfig: Setting CVar [[r.setres:1280x720]]
[2024.04.17-13.58.26:350][  0]LogConfig: Applying CVar settings from Section [/Script/Engine.RendererSettings] File [C:/Users/User/Documents/TRI2/ProceduralGenProject/Major Project 2/ProGenRooms/Saved/Config/Windows/Engine.ini]
[2024.04.17-13.58.26:350][  0]LogConfig: Setting CVar [[r.GPUCrashDebugging:0]]
[2024.04.17-13.58.26:350][  0]LogConfig: Applying CVar settings from Section [/Script/Engine.RendererOverrideSettings] File [C:/Users/User/Documents/TRI2/ProceduralGenProject/Major Project 2/ProGenRooms/Saved/Config/Windows/Engine.ini]
[2024.04.17-13.58.26:351][  0]LogConfig: Applying CVar settings from Section [/Script/Engine.StreamingSettings] File [C:/Users/User/Documents/TRI2/ProceduralGenProject/Major Project 2/ProGenRooms/Saved/Config/Windows/Engine.ini]
[2024.04.17-13.58.26:351][  0]LogConfig: Setting CVar [[s.MinBulkDataSizeForAsyncLoading:131072]]
[2024.04.17-13.58.26:351][  0]LogConfig: Setting CVar [[s.AsyncLoadingThreadEnabled:0]]
[2024.04.17-13.58.26:351][  0]LogConfig: Setting CVar [[s.EventDrivenLoaderEnabled:1]]
[2024.04.17-13.58.26:351][  0]LogConfig: Setting CVar [[s.WarnIfTimeLimitExceeded:0]]
[2024.04.17-13.58.26:351][  0]LogConfig: Setting CVar [[s.TimeLimitExceededMultiplier:1.5]]
[2024.04.17-13.58.26:351][  0]LogConfig: Setting CVar [[s.TimeLimitExceededMinTime:0.005]]
[2024.04.17-13.58.26:351][  0]LogConfig: Setting CVar [[s.UseBackgroundLevelStreaming:1]]
[2024.04.17-13.58.26:351][  0]LogConfig: Setting CVar [[s.PriorityAsyncLoadingExtraTime:15.0]]
[2024.04.17-13.58.26:351][  0]LogConfig: Setting CVar [[s.LevelStreamingActorsUpdateTimeLimit:5.0]]
[2024.04.17-13.58.26:351][  0]LogConfig: Setting CVar [[s.PriorityLevelStreamingActorsUpdateExtraTime:5.0]]
[2024.04.17-13.58.26:351][  0]LogConfig: Setting CVar [[s.LevelStreamingComponentsRegistrationGranularity:10]]
[2024.04.17-13.58.26:351][  0]LogConfig: Setting CVar [[s.UnregisterComponentsTimeLimit:1.0]]
[2024.04.17-13.58.26:351][  0]LogConfig: Setting CVar [[s.LevelStreamingComponentsUnregistrationGranularity:5]]
[2024.04.17-13.58.26:351][  0]LogConfig: Setting CVar [[s.FlushStreamingOnExit:1]]
[2024.04.17-13.58.26:351][  0]LogConfig: Applying CVar settings from Section [/Script/Engine.GarbageCollectionSettings] File [C:/Users/User/Documents/TRI2/ProceduralGenProject/Major Project 2/ProGenRooms/Saved/Config/Windows/Engine.ini]
[2024.04.17-13.58.26:351][  0]LogConfig: Setting CVar [[gc.MaxObjectsNotConsideredByGC:1]]
[2024.04.17-13.58.26:351][  0]LogConfig: Setting CVar [[gc.SizeOfPermanentObjectPool:0]]
[2024.04.17-13.58.26:351][  0]LogConfig: Setting CVar [[gc.FlushStreamingOnGC:0]]
[2024.04.17-13.58.26:351][  0]LogConfig: Setting CVar [[gc.NumRetriesBeforeForcingGC:10]]
[2024.04.17-13.58.26:351][  0]LogConfig: Setting CVar [[gc.AllowParallelGC:1]]
[2024.04.17-13.58.26:351][  0]LogConfig: Setting CVar [[gc.TimeBetweenPurgingPendingKillObjects:61.1]]
[2024.04.17-13.58.26:351][  0]LogConfig: Setting CVar [[gc.MaxObjectsInEditor:25165824]]
[2024.04.17-13.58.26:351][  0]LogConfig: Setting CVar [[gc.IncrementalBeginDestroyEnabled:1]]
[2024.04.17-13.58.26:351][  0]LogConfig: Setting CVar [[gc.CreateGCClusters:1]]
[2024.04.17-13.58.26:351][  0]LogConfig: Setting CVar [[gc.MinGCClusterSize:5]]
[2024.04.17-13.58.26:351][  0]LogConfig: Setting CVar [[gc.ActorClusteringEnabled:0]]
[2024.04.17-13.58.26:351][  0]LogConfig: Setting CVar [[gc.BlueprintClusteringEnabled:0]]
[2024.04.17-13.58.26:351][  0]LogConfig: Setting CVar [[gc.UseDisregardForGCOnDedicatedServers:0]]
[2024.04.17-13.58.26:351][  0]LogConfig: Setting CVar [[gc.MultithreadedDestructionEnabled:1]]
[2024.04.17-13.58.26:351][  0]LogConfig: Applying CVar settings from Section [/Script/Engine.NetworkSettings] File [C:/Users/User/Documents/TRI2/ProceduralGenProject/Major Project 2/ProGenRooms/Saved/Config/Windows/Engine.ini]
[2024.04.17-13.58.26:351][  0]LogConfig: Applying CVar settings from Section [/Script/UnrealEd.CookerSettings] File [C:/Users/User/Documents/TRI2/ProceduralGenProject/Major Project 2/ProGenRooms/Saved/Config/Windows/Engine.ini]
[2024.04.17-13.58.26:359][  0]LogConfig: Applying CVar settings from Section [ViewDistanceQuality@3] File [C:/Users/User/Documents/TRI2/ProceduralGenProject/Major Project 2/ProGenRooms/Saved/Config/Windows/Scalability.ini]
[2024.04.17-13.58.26:359][  0]LogConfig: Setting CVar [[r.SkeletalMeshLODBias:0]]
[2024.04.17-13.58.26:359][  0]LogConfig: Setting CVar [[r.ViewDistanceScale:1.0]]
[2024.04.17-13.58.26:359][  0]LogConfig: Applying CVar settings from Section [AntiAliasingQuality@3] File [C:/Users/User/Documents/TRI2/ProceduralGenProject/Major Project 2/ProGenRooms/Saved/Config/Windows/Scalability.ini]
[2024.04.17-13.58.26:359][  0]LogConfig: Setting CVar [[r.PostProcessAAQuality:4]]
[2024.04.17-13.58.26:359][  0]LogConfig: Applying CVar settings from Section [ShadowQuality@3] File [C:/Users/User/Documents/TRI2/ProceduralGenProject/Major Project 2/ProGenRooms/Saved/Config/Windows/Scalability.ini]
[2024.04.17-13.58.26:359][  0]LogConfig: Setting CVar [[r.LightFunctionQuality:1]]
[2024.04.17-13.58.26:359][  0]LogConfig: Setting CVar [[r.ShadowQuality:5]]
[2024.04.17-13.58.26:360][  0]LogConfig: Setting CVar [[r.Shadow.CSM.MaxCascades:10]]
[2024.04.17-13.58.26:360][  0]LogConfig: Setting CVar [[r.Shadow.MaxResolution:2048]]
[2024.04.17-13.58.26:360][  0]LogConfig: Setting CVar [[r.Shadow.MaxCSMResolution:2048]]
[2024.04.17-13.58.26:360][  0]LogConfig: Setting CVar [[r.Shadow.RadiusThreshold:0.01]]
[2024.04.17-13.58.26:360][  0]LogConfig: Setting CVar [[r.Shadow.DistanceScale:1.0]]
[2024.04.17-13.58.26:360][  0]LogConfig: Setting CVar [[r.Shadow.CSM.TransitionScale:1.0]]
[2024.04.17-13.58.26:360][  0]LogConfig: Setting CVar [[r.Shadow.PreShadowResolutionFactor:1.0]]
[2024.04.17-13.58.26:360][  0]LogConfig: Setting CVar [[r.DistanceFieldShadowing:1]]
[2024.04.17-13.58.26:360][  0]LogConfig: Setting CVar [[r.DistanceFieldAO:1]]
[2024.04.17-13.58.26:360][  0]LogConfig: Setting CVar [[r.AOQuality:2]]
[2024.04.17-13.58.26:360][  0]LogConfig: Setting CVar [[r.VolumetricFog:1]]
[2024.04.17-13.58.26:360][  0]LogConfig: Setting CVar [[r.VolumetricFog.GridPixelSize:8]]
[2024.04.17-13.58.26:360][  0]LogConfig: Setting CVar [[r.VolumetricFog.GridSizeZ:128]]
[2024.04.17-13.58.26:360][  0]LogConfig: Setting CVar [[r.VolumetricFog.HistoryMissSupersampleCount:4]]
[2024.04.17-13.58.26:360][  0]LogConfig: Setting CVar [[r.LightMaxDrawDistanceScale:1]]
[2024.04.17-13.58.26:360][  0]LogConfig: Setting CVar [[r.CapsuleShadows:1]]
[2024.04.17-13.58.26:360][  0]LogConfig: Applying CVar settings from Section [PostProcessQuality@3] File [C:/Users/User/Documents/TRI2/ProceduralGenProject/Major Project 2/ProGenRooms/Saved/Config/Windows/Scalability.ini]
[2024.04.17-13.58.26:360][  0]LogConfig: Setting CVar [[r.MotionBlurQuality:4]]
[2024.04.17-13.58.26:360][  0]LogConfig: Setting CVar [[r.AmbientOcclusionMipLevelFactor:0.4]]
[2024.04.17-13.58.26:360][  0]LogConfig: Setting CVar [[r.AmbientOcclusionMaxQuality:100]]
[2024.04.17-13.58.26:360][  0]LogConfig: Setting CVar [[r.AmbientOcclusionLevels:-1]]
[2024.04.17-13.58.26:360][  0]LogConfig: Setting CVar [[r.AmbientOcclusionRadiusScale:1.0]]
[2024.04.17-13.58.26:360][  0]LogConfig: Setting CVar [[r.DepthOfFieldQuality:2]]
[2024.04.17-13.58.26:360][  0]LogConfig: Setting CVar [[r.RenderTargetPoolMin:400]]
[2024.04.17-13.58.26:360][  0]LogConfig: Setting CVar [[r.LensFlareQuality:2]]
[2024.04.17-13.58.26:360][  0]LogConfig: Setting CVar [[r.SceneColorFringeQuality:1]]
[2024.04.17-13.58.26:360][  0]LogConfig: Setting CVar [[r.EyeAdaptationQuality:2]]
[2024.04.17-13.58.26:360][  0]LogConfig: Setting CVar [[r.BloomQuality:5]]
[2024.04.17-13.58.26:360][  0]LogConfig: Setting CVar [[r.FastBlurThreshold:100]]
[2024.04.17-13.58.26:360][  0]LogConfig: Setting CVar [[r.Upscale.Quality:3]]
[2024.04.17-13.58.26:360][  0]LogConfig: Setting CVar [[r.Tonemapper.GrainQuantization:1]]
[2024.04.17-13.58.26:360][  0]LogConfig: Setting CVar [[r.LightShaftQuality:1]]
[2024.04.17-13.58.26:360][  0]LogConfig: Setting CVar [[r.Filter.SizeScale:1]]
[2024.04.17-13.58.26:360][  0]LogConfig: Setting CVar [[r.Tonemapper.Quality:5]]
[2024.04.17-13.58.26:360][  0]LogConfig: Setting CVar [[r.DOF.Gather.AccumulatorQuality:1        ; higher gathering accumulator quality]]
[2024.04.17-13.58.26:360][  0]LogConfig: Setting CVar [[r.DOF.Gather.PostfilterMethod:1          ; Median3x3 postfilering method]]
[2024.04.17-13.58.26:360][  0]LogConfig: Setting CVar [[r.DOF.Gather.EnableBokehSettings:0       ; no bokeh simulation when gathering]]
[2024.04.17-13.58.26:360][  0]LogConfig: Setting CVar [[r.DOF.Gather.RingCount:4                 ; medium number of samples when gathering]]
[2024.04.17-13.58.26:360][  0]LogConfig: Setting CVar [[r.DOF.Scatter.ForegroundCompositing:1    ; additive foreground scattering]]
[2024.04.17-13.58.26:360][  0]LogConfig: Setting CVar [[r.DOF.Scatter.BackgroundCompositing:2    ; additive background scattering]]
[2024.04.17-13.58.26:360][  0]LogConfig: Setting CVar [[r.DOF.Scatter.EnableBokehSettings:1      ; bokeh simulation when scattering]]
[2024.04.17-13.58.26:360][  0]LogConfig: Setting CVar [[r.DOF.Scatter.MaxSpriteRatio:0.1         ; only a maximum of 10% of scattered bokeh]]
[2024.04.17-13.58.26:360][  0]LogConfig: Setting CVar [[r.DOF.Recombine.Quality:1                ; cheap slight out of focus]]
[2024.04.17-13.58.26:360][  0]LogConfig: Setting CVar [[r.DOF.Recombine.EnableBokehSettings:0    ; no bokeh simulation on slight out of focus]]
[2024.04.17-13.58.26:360][  0]LogConfig: Setting CVar [[r.DOF.TemporalAAQuality:1                ; more stable temporal accumulation]]
[2024.04.17-13.58.26:360][  0]LogConfig: Setting CVar [[r.DOF.Kernel.MaxForegroundRadius:0.025]]
[2024.04.17-13.58.26:360][  0]LogConfig: Setting CVar [[r.DOF.Kernel.MaxBackgroundRadius:0.025]]
[2024.04.17-13.58.26:360][  0]LogConfig: Applying CVar settings from Section [TextureQuality@3] File [C:/Users/User/Documents/TRI2/ProceduralGenProject/Major Project 2/ProGenRooms/Saved/Config/Windows/Scalability.ini]
[2024.04.17-13.58.26:360][  0]LogConfig: Setting CVar [[r.Streaming.MipBias:0]]
[2024.04.17-13.58.26:360][  0]LogConfig: Setting CVar [[r.Streaming.AmortizeCPUToGPUCopy:0]]
[2024.04.17-13.58.26:360][  0]LogConfig: Setting CVar [[r.Streaming.MaxNumTexturesToStreamPerFrame:0]]
[2024.04.17-13.58.26:360][  0]LogConfig: Setting CVar [[r.Streaming.Boost:1]]
[2024.04.17-13.58.26:360][  0]LogConfig: Setting CVar [[r.MaxAnisotropy:8]]
[2024.04.17-13.58.26:360][  0]LogConfig: Setting CVar [[r.VT.MaxAnisotropy:8]]
[2024.04.17-13.58.26:360][  0]LogConfig: Setting CVar [[r.Streaming.LimitPoolSizeToVRAM:0]]
[2024.04.17-13.58.26:360][  0]LogConfig: Setting CVar [[r.Streaming.PoolSize:1000]]
[2024.04.17-13.58.26:360][  0]LogConfig: Setting CVar [[r.Streaming.MaxEffectiveScreenSize:0]]
[2024.04.17-13.58.26:360][  0]LogConfig: Applying CVar settings from Section [EffectsQuality@3] File [C:/Users/User/Documents/TRI2/ProceduralGenProject/Major Project 2/ProGenRooms/Saved/Config/Windows/Scalability.ini]
[2024.04.17-13.58.26:360][  0]LogConfig: Setting CVar [[r.TranslucencyLightingVolumeDim:64]]
[2024.04.17-13.58.26:360][  0]LogConfig: Setting CVar [[r.RefractionQuality:2]]
[2024.04.17-13.58.26:360][  0]LogConfig: Setting CVar [[r.SSR.Quality:3]]
[2024.04.17-13.58.26:360][  0]LogConfig: Setting CVar [[r.SSR.HalfResSceneColor:0]]
[2024.04.17-13.58.26:360][  0]LogConfig: Setting CVar [[r.SceneColorFormat:4]]
[2024.04.17-13.58.26:360][  0]LogConfig: Setting CVar [[r.DetailMode:2]]
[2024.04.17-13.58.26:360][  0]LogConfig: Setting CVar [[r.TranslucencyVolumeBlur:1]]
[2024.04.17-13.58.26:360][  0]LogConfig: Setting CVar [[r.MaterialQualityLevel:1 ; High quality]]
[2024.04.17-13.58.26:360][  0]LogConfig: Setting CVar [[r.AnisotropicMaterials:1]]
[2024.04.17-13.58.26:360][  0]LogConfig: Setting CVar [[r.SSS.Scale:1]]
[2024.04.17-13.58.26:360][  0]LogConfig: Setting CVar [[r.SSS.SampleSet:2]]
[2024.04.17-13.58.26:360][  0]LogConfig: Setting CVar [[r.SSS.Quality:1]]
[2024.04.17-13.58.26:360][  0]LogConfig: Setting CVar [[r.SSS.HalfRes:0]]
[2024.04.17-13.58.26:360][  0]LogConfig: Setting CVar [[r.SSGI.Quality:3]]
[2024.04.17-13.58.26:360][  0]LogConfig: Setting CVar [[r.EmitterSpawnRateScale:1.0]]
[2024.04.17-13.58.26:360][  0]LogConfig: Setting CVar [[r.ParticleLightQuality:2]]
[2024.04.17-13.58.26:360][  0]LogConfig: Setting CVar [[r.SkyAtmosphere.AerialPerspectiveLUT.FastApplyOnOpaque:1 ; Always have FastSkyLUT 1 in this case to avoid wrong sky]]
[2024.04.17-13.58.26:360][  0]LogConfig: Setting CVar [[r.SkyAtmosphere.AerialPerspectiveLUT.SampleCountMaxPerSlice:4]]
[2024.04.17-13.58.26:360][  0]LogConfig: Setting CVar [[r.SkyAtmosphere.AerialPerspectiveLUT.DepthResolution:16.0]]
[2024.04.17-13.58.26:360][  0]LogConfig: Setting CVar [[r.SkyAtmosphere.FastSkyLUT:1]]
[2024.04.17-13.58.26:360][  0]LogConfig: Setting CVar [[r.SkyAtmosphere.FastSkyLUT.SampleCountMin:4.0]]
[2024.04.17-13.58.26:360][  0]LogConfig: Setting CVar [[r.SkyAtmosphere.FastSkyLUT.SampleCountMax:128.0]]
[2024.04.17-13.58.26:360][  0]LogConfig: Setting CVar [[r.SkyAtmosphere.SampleCountMin:4.0]]
[2024.04.17-13.58.26:360][  0]LogConfig: Setting CVar [[r.SkyAtmosphere.SampleCountMax:128.0]]
[2024.04.17-13.58.26:360][  0]LogConfig: Setting CVar [[r.SkyAtmosphere.TransmittanceLUT.UseSmallFormat:0]]
[2024.04.17-13.58.26:361][  0]LogConfig: Setting CVar [[r.SkyAtmosphere.TransmittanceLUT.SampleCount:10.0]]
[2024.04.17-13.58.26:361][  0]LogConfig: Setting CVar [[r.SkyAtmosphere.MultiScatteringLUT.SampleCount:15.0]]
[2024.04.17-13.58.26:361][  0]LogConfig: Setting CVar [[r.SkyLight.RealTimeReflectionCapture:1]]
[2024.04.17-13.58.26:361][  0]LogConfig: Applying CVar settings from Section [FoliageQuality@3] File [C:/Users/User/Documents/TRI2/ProceduralGenProject/Major Project 2/ProGenRooms/Saved/Config/Windows/Scalability.ini]
[2024.04.17-13.58.26:361][  0]LogConfig: Setting CVar [[foliage.DensityScale:1.0]]
[2024.04.17-13.58.26:361][  0]LogConfig: Setting CVar [[grass.DensityScale:1.0]]
[2024.04.17-13.58.26:361][  0]LogConfig: Applying CVar settings from Section [ShadingQuality@3] File [C:/Users/User/Documents/TRI2/ProceduralGenProject/Major Project 2/ProGenRooms/Saved/Config/Windows/Scalability.ini]
[2024.04.17-13.58.26:361][  0]LogConfig: Setting CVar [[r.HairStrands.SkyLighting.IntegrationType:2]]
[2024.04.17-13.58.26:361][  0]LogConfig: Setting CVar [[r.HairStrands.SkyAO.SampleCount:4]]
[2024.04.17-13.58.26:361][  0]LogConfig: Setting CVar [[r.HairStrands.Visibility.MSAA.SamplePerPixel:4]]
[2024.04.17-13.58.26:361][  0]LogInit: Selected Device Profile: [Windows]
[2024.04.17-13.58.26:361][  0]LogInit: Applying CVar settings loaded from the selected device profile: [Windows]
[2024.04.17-13.58.26:361][  0]LogHAL: Display: Platform has ~ 8 GB [8358518784 / 8589934592 / 8], which maps to Default [LargestMinGB=32, LargerMinGB=12, DefaultMinGB=8, SmallerMinGB=6, SmallestMinGB=0)
[2024.04.17-13.58.26:361][  0]LogInit: Going up to parent DeviceProfile []
[2024.04.17-13.58.26:361][  0]LogConfig: Applying CVar settings from Section [ViewDistanceQuality@3] File [C:/Users/User/Documents/TRI2/ProceduralGenProject/Major Project 2/ProGenRooms/Saved/Config/Windows/Scalability.ini]
[2024.04.17-13.58.26:361][  0]LogConfig: Setting CVar [[r.SkeletalMeshLODBias:0]]
[2024.04.17-13.58.26:361][  0]LogConfig: Setting CVar [[r.ViewDistanceScale:1.0]]
[2024.04.17-13.58.26:361][  0]LogConfig: Applying CVar settings from Section [AntiAliasingQuality@3] File [C:/Users/User/Documents/TRI2/ProceduralGenProject/Major Project 2/ProGenRooms/Saved/Config/Windows/Scalability.ini]
[2024.04.17-13.58.26:361][  0]LogConfig: Setting CVar [[r.PostProcessAAQuality:4]]
[2024.04.17-13.58.26:361][  0]LogConfig: Applying CVar settings from Section [ShadowQuality@3] File [C:/Users/User/Documents/TRI2/ProceduralGenProject/Major Project 2/ProGenRooms/Saved/Config/Windows/Scalability.ini]
[2024.04.17-13.58.26:361][  0]LogConfig: Setting CVar [[r.LightFunctionQuality:1]]
[2024.04.17-13.58.26:361][  0]LogConfig: Setting CVar [[r.ShadowQuality:5]]
[2024.04.17-13.58.26:361][  0]LogConfig: Setting CVar [[r.Shadow.CSM.MaxCascades:10]]
[2024.04.17-13.58.26:361][  0]LogConfig: Setting CVar [[r.Shadow.MaxResolution:2048]]
[2024.04.17-13.58.26:361][  0]LogConfig: Setting CVar [[r.Shadow.MaxCSMResolution:2048]]
[2024.04.17-13.58.26:361][  0]LogConfig: Setting CVar [[r.Shadow.RadiusThreshold:0.01]]
[2024.04.17-13.58.26:361][  0]LogConfig: Setting CVar [[r.Shadow.DistanceScale:1.0]]
[2024.04.17-13.58.26:361][  0]LogConfig: Setting CVar [[r.Shadow.CSM.TransitionScale:1.0]]
[2024.04.17-13.58.26:361][  0]LogConfig: Setting CVar [[r.Shadow.PreShadowResolutionFactor:1.0]]
[2024.04.17-13.58.26:361][  0]LogConfig: Setting CVar [[r.DistanceFieldShadowing:1]]
[2024.04.17-13.58.26:361][  0]LogConfig: Setting CVar [[r.DistanceFieldAO:1]]
[2024.04.17-13.58.26:361][  0]LogConfig: Setting CVar [[r.AOQuality:2]]
[2024.04.17-13.58.26:361][  0]LogConfig: Setting CVar [[r.VolumetricFog:1]]
[2024.04.17-13.58.26:361][  0]LogConfig: Setting CVar [[r.VolumetricFog.GridPixelSize:8]]
[2024.04.17-13.58.26:361][  0]LogConfig: Setting CVar [[r.VolumetricFog.GridSizeZ:128]]
[2024.04.17-13.58.26:361][  0]LogConfig: Setting CVar [[r.VolumetricFog.HistoryMissSupersampleCount:4]]
[2024.04.17-13.58.26:361][  0]LogConfig: Setting CVar [[r.LightMaxDrawDistanceScale:1]]
[2024.04.17-13.58.26:361][  0]LogConfig: Setting CVar [[r.CapsuleShadows:1]]
[2024.04.17-13.58.26:361][  0]LogConfig: Applying CVar settings from Section [PostProcessQuality@3] File [C:/Users/User/Documents/TRI2/ProceduralGenProject/Major Project 2/ProGenRooms/Saved/Config/Windows/Scalability.ini]
[2024.04.17-13.58.26:361][  0]LogConfig: Setting CVar [[r.MotionBlurQuality:4]]
[2024.04.17-13.58.26:361][  0]LogConfig: Setting CVar [[r.AmbientOcclusionMipLevelFactor:0.4]]
[2024.04.17-13.58.26:361][  0]LogConfig: Setting CVar [[r.AmbientOcclusionMaxQuality:100]]
[2024.04.17-13.58.26:361][  0]LogConfig: Setting CVar [[r.AmbientOcclusionLevels:-1]]
[2024.04.17-13.58.26:361][  0]LogConfig: Setting CVar [[r.AmbientOcclusionRadiusScale:1.0]]
[2024.04.17-13.58.26:361][  0]LogConfig: Setting CVar [[r.DepthOfFieldQuality:2]]
[2024.04.17-13.58.26:361][  0]LogConfig: Setting CVar [[r.RenderTargetPoolMin:400]]
[2024.04.17-13.58.26:361][  0]LogConfig: Setting CVar [[r.LensFlareQuality:2]]
[2024.04.17-13.58.26:361][  0]LogConfig: Setting CVar [[r.SceneColorFringeQuality:1]]
[2024.04.17-13.58.26:362][  0]LogConfig: Setting CVar [[r.EyeAdaptationQuality:2]]
[2024.04.17-13.58.26:362][  0]LogConfig: Setting CVar [[r.BloomQuality:5]]
[2024.04.17-13.58.26:362][  0]LogConfig: Setting CVar [[r.FastBlurThreshold:100]]
[2024.04.17-13.58.26:362][  0]LogConfig: Setting CVar [[r.Upscale.Quality:3]]
[2024.04.17-13.58.26:362][  0]LogConfig: Setting CVar [[r.Tonemapper.GrainQuantization:1]]
[2024.04.17-13.58.26:362][  0]LogConfig: Setting CVar [[r.LightShaftQuality:1]]
[2024.04.17-13.58.26:362][  0]LogConfig: Setting CVar [[r.Filter.SizeScale:1]]
[2024.04.17-13.58.26:362][  0]LogConfig: Setting CVar [[r.Tonemapper.Quality:5]]
[2024.04.17-13.58.26:362][  0]LogConfig: Setting CVar [[r.DOF.Gather.AccumulatorQuality:1        ; higher gathering accumulator quality]]
[2024.04.17-13.58.26:362][  0]LogConfig: Setting CVar [[r.DOF.Gather.PostfilterMethod:1          ; Median3x3 postfilering method]]
[2024.04.17-13.58.26:362][  0]LogConfig: Setting CVar [[r.DOF.Gather.EnableBokehSettings:0       ; no bokeh simulation when gathering]]
[2024.04.17-13.58.26:362][  0]LogConfig: Setting CVar [[r.DOF.Gather.RingCount:4                 ; medium number of samples when gathering]]
[2024.04.17-13.58.26:362][  0]LogConfig: Setting CVar [[r.DOF.Scatter.ForegroundCompositing:1    ; additive foreground scattering]]
[2024.04.17-13.58.26:362][  0]LogConfig: Setting CVar [[r.DOF.Scatter.BackgroundCompositing:2    ; additive background scattering]]
[2024.04.17-13.58.26:362][  0]LogConfig: Setting CVar [[r.DOF.Scatter.EnableBokehSettings:1      ; bokeh simulation when scattering]]
[2024.04.17-13.58.26:362][  0]LogConfig: Setting CVar [[r.DOF.Scatter.MaxSpriteRatio:0.1         ; only a maximum of 10% of scattered bokeh]]
[2024.04.17-13.58.26:362][  0]LogConfig: Setting CVar [[r.DOF.Recombine.Quality:1                ; cheap slight out of focus]]
[2024.04.17-13.58.26:362][  0]LogConfig: Setting CVar [[r.DOF.Recombine.EnableBokehSettings:0    ; no bokeh simulation on slight out of focus]]
[2024.04.17-13.58.26:362][  0]LogConfig: Setting CVar [[r.DOF.TemporalAAQuality:1                ; more stable temporal accumulation]]
[2024.04.17-13.58.26:362][  0]LogConfig: Setting CVar [[r.DOF.Kernel.MaxForegroundRadius:0.025]]
[2024.04.17-13.58.26:362][  0]LogConfig: Setting CVar [[r.DOF.Kernel.MaxBackgroundRadius:0.025]]
[2024.04.17-13.58.26:362][  0]LogConfig: Applying CVar settings from Section [TextureQuality@3] File [C:/Users/User/Documents/TRI2/ProceduralGenProject/Major Project 2/ProGenRooms/Saved/Config/Windows/Scalability.ini]
[2024.04.17-13.58.26:362][  0]LogConfig: Setting CVar [[r.Streaming.MipBias:0]]
[2024.04.17-13.58.26:362][  0]LogConfig: Setting CVar [[r.Streaming.AmortizeCPUToGPUCopy:0]]
[2024.04.17-13.58.26:362][  0]LogConfig: Setting CVar [[r.Streaming.MaxNumTexturesToStreamPerFrame:0]]
[2024.04.17-13.58.26:362][  0]LogConfig: Setting CVar [[r.Streaming.Boost:1]]
[2024.04.17-13.58.26:362][  0]LogConfig: Setting CVar [[r.MaxAnisotropy:8]]
[2024.04.17-13.58.26:362][  0]LogConfig: Setting CVar [[r.VT.MaxAnisotropy:8]]
[2024.04.17-13.58.26:362][  0]LogConfig: Setting CVar [[r.Streaming.LimitPoolSizeToVRAM:0]]
[2024.04.17-13.58.26:362][  0]LogConfig: Setting CVar [[r.Streaming.PoolSize:1000]]
[2024.04.17-13.58.26:362][  0]LogConfig: Setting CVar [[r.Streaming.MaxEffectiveScreenSize:0]]
[2024.04.17-13.58.26:362][  0]LogConfig: Applying CVar settings from Section [EffectsQuality@3] File [C:/Users/User/Documents/TRI2/ProceduralGenProject/Major Project 2/ProGenRooms/Saved/Config/Windows/Scalability.ini]
[2024.04.17-13.58.26:362][  0]LogConfig: Setting CVar [[r.TranslucencyLightingVolumeDim:64]]
[2024.04.17-13.58.26:362][  0]LogConfig: Setting CVar [[r.RefractionQuality:2]]
[2024.04.17-13.58.26:362][  0]LogConfig: Setting CVar [[r.SSR.Quality:3]]
[2024.04.17-13.58.26:362][  0]LogConfig: Setting CVar [[r.SSR.HalfResSceneColor:0]]
[2024.04.17-13.58.26:362][  0]LogConfig: Setting CVar [[r.SceneColorFormat:4]]
[2024.04.17-13.58.26:362][  0]LogConfig: Setting CVar [[r.DetailMode:2]]
[2024.04.17-13.58.26:362][  0]LogConfig: Setting CVar [[r.TranslucencyVolumeBlur:1]]
[2024.04.17-13.58.26:362][  0]LogConfig: Setting CVar [[r.MaterialQualityLevel:1 ; High quality]]
[2024.04.17-13.58.26:362][  0]LogConfig: Setting CVar [[r.AnisotropicMaterials:1]]
[2024.04.17-13.58.26:362][  0]LogConfig: Setting CVar [[r.SSS.Scale:1]]
[2024.04.17-13.58.26:363][  0]LogConfig: Setting CVar [[r.SSS.SampleSet:2]]
[2024.04.17-13.58.26:363][  0]LogConfig: Setting CVar [[r.SSS.Quality:1]]
[2024.04.17-13.58.26:363][  0]LogConfig: Setting CVar [[r.SSS.HalfRes:0]]
[2024.04.17-13.58.26:363][  0]LogConfig: Setting CVar [[r.SSGI.Quality:3]]
[2024.04.17-13.58.26:363][  0]LogConfig: Setting CVar [[r.EmitterSpawnRateScale:1.0]]
[2024.04.17-13.58.26:363][  0]LogConfig: Setting CVar [[r.ParticleLightQuality:2]]
[2024.04.17-13.58.26:363][  0]LogConfig: Setting CVar [[r.SkyAtmosphere.AerialPerspectiveLUT.FastApplyOnOpaque:1 ; Always have FastSkyLUT 1 in this case to avoid wrong sky]]
[2024.04.17-13.58.26:363][  0]LogConfig: Setting CVar [[r.SkyAtmosphere.AerialPerspectiveLUT.SampleCountMaxPerSlice:4]]
[2024.04.17-13.58.26:363][  0]LogConfig: Setting CVar [[r.SkyAtmosphere.AerialPerspectiveLUT.DepthResolution:16.0]]
[2024.04.17-13.58.26:363][  0]LogConfig: Setting CVar [[r.SkyAtmosphere.FastSkyLUT:1]]
[2024.04.17-13.58.26:363][  0]LogConfig: Setting CVar [[r.SkyAtmosphere.FastSkyLUT.SampleCountMin:4.0]]
[2024.04.17-13.58.26:363][  0]LogConfig: Setting CVar [[r.SkyAtmosphere.FastSkyLUT.SampleCountMax:128.0]]
[2024.04.17-13.58.26:363][  0]LogConfig: Setting CVar [[r.SkyAtmosphere.SampleCountMin:4.0]]
[2024.04.17-13.58.26:363][  0]LogConfig: Setting CVar [[r.SkyAtmosphere.SampleCountMax:128.0]]
[2024.04.17-13.58.26:363][  0]LogConfig: Setting CVar [[r.SkyAtmosphere.TransmittanceLUT.UseSmallFormat:0]]
[2024.04.17-13.58.26:363][  0]LogConfig: Setting CVar [[r.SkyAtmosphere.TransmittanceLUT.SampleCount:10.0]]
[2024.04.17-13.58.26:363][  0]LogConfig: Setting CVar [[r.SkyAtmosphere.MultiScatteringLUT.SampleCount:15.0]]
[2024.04.17-13.58.26:363][  0]LogConfig: Setting CVar [[r.SkyLight.RealTimeReflectionCapture:1]]
[2024.04.17-13.58.26:363][  0]LogConfig: Applying CVar settings from Section [FoliageQuality@3] File [C:/Users/User/Documents/TRI2/ProceduralGenProject/Major Project 2/ProGenRooms/Saved/Config/Windows/Scalability.ini]
[2024.04.17-13.58.26:363][  0]LogConfig: Setting CVar [[foliage.DensityScale:1.0]]
[2024.04.17-13.58.26:363][  0]LogConfig: Setting CVar [[grass.DensityScale:1.0]]
[2024.04.17-13.58.26:363][  0]LogConfig: Applying CVar settings from Section [ShadingQuality@3] File [C:/Users/User/Documents/TRI2/ProceduralGenProject/Major Project 2/ProGenRooms/Saved/Config/Windows/Scalability.ini]
[2024.04.17-13.58.26:363][  0]LogConfig: Setting CVar [[r.HairStrands.SkyLighting.IntegrationType:2]]
[2024.04.17-13.58.26:363][  0]LogConfig: Setting CVar [[r.HairStrands.SkyAO.SampleCount:4]]
[2024.04.17-13.58.26:363][  0]LogConfig: Setting CVar [[r.HairStrands.Visibility.MSAA.SamplePerPixel:4]]
[2024.04.17-13.58.26:363][  0]LogConfig: Applying CVar settings from Section [Startup] File [../../../Engine/Config/ConsoleVariables.ini]
[2024.04.17-13.58.26:375][  0]LogConfig: Setting CVar [[net.UseAdaptiveNetUpdateFrequency:0]]
[2024.04.17-13.58.26:375][  0]LogConfig: Setting CVar [[p.chaos.AllowCreatePhysxBodies:1]]
[2024.04.17-13.58.26:375][  0]LogConfig: Setting CVar [[fx.SkipVectorVMBackendOptimizations:1]]
[2024.04.17-13.58.26:375][  0]LogConfig: Applying CVar settings from Section [ConsoleVariables] File [C:/Users/User/Documents/TRI2/ProceduralGenProject/Major Project 2/ProGenRooms/Saved/Config/Windows/Engine.ini]
[2024.04.17-13.58.26:376][  0]LogConfig: Applying CVar settings from Section [ConsoleVariables] File [C:/Users/User/Documents/TRI2/ProceduralGenProject/Major Project 2/ProGenRooms/Saved/Config/Windows/Editor.ini]
[2024.04.17-13.58.26:376][  0]LogInit: Computer: DESKTOP-6J2T3KM
[2024.04.17-13.58.26:376][  0]LogInit: User: User
[2024.04.17-13.58.26:376][  0]LogInit: CPU Page size=4096, Cores=2
[2024.04.17-13.58.26:376][  0]LogInit: High frequency timer resolution =10.000000 MHz
[2024.04.17-13.58.26:376][  0]LogMemory: Memory total: Physical=7.8GB (8GB approx)
[2024.04.17-13.58.26:376][  0]LogMemory: Platform Memory Stats for Windows
[2024.04.17-13.58.26:376][  0]LogMemory: Process Physical Memory: 143.58 MB used, 143.58 MB peak
[2024.04.17-13.58.26:376][  0]LogMemory: Process Virtual Memory: 121.28 MB used, 121.28 MB peak
[2024.04.17-13.58.26:376][  0]LogMemory: Physical Memory: 7174.04 MB used,  797.27 MB free, 7971.30 MB total
[2024.04.17-13.58.26:376][  0]LogMemory: Virtual Memory: 134212552.00 MB used,  5175.23 MB free, 134217728.00 MB total
[2024.04.17-13.58.26:420][  0]LogWindows: WindowsPlatformFeatures enabled
[2024.04.17-13.58.26:887][  0]LogInit: Physics initialised using underlying interface: PhysX
[2024.04.17-13.58.26:887][  0]LogInit: Using OS detected language (en-GB).
[2024.04.17-13.58.26:887][  0]LogInit: Using OS detected locale (en-GB).
[2024.04.17-13.58.26:900][  0]LogTextLocalizationManager: No specific localization for 'en-GB' exists, so the 'en' localization will be used.
[2024.04.17-13.58.27:856][  0]LogWindowsTextInputMethodSystem: Display: IME system deactivated.
[2024.04.17-13.58.28:292][  0]LogSlate: New Slate User Created.  User Index 0, Is Virtual User: 0
[2024.04.17-13.58.28:292][  0]LogSlate: Slate User Registered.  User Index 0, Is Virtual User: 0
[2024.04.17-13.58.28:410][  0]LogD3D11RHI: Loaded GFSDK_Aftermath_Lib.x64.dll
[2024.04.17-13.58.28:567][  0]LogHMD: Failed to initialize OpenVR with code 110
[2024.04.17-13.58.28:567][  0]LogD3D11RHI: D3D11 min allowed feature level: 11_0
[2024.04.17-13.58.28:567][  0]LogD3D11RHI: D3D11 max allowed feature level: 11_0
[2024.04.17-13.58.28:567][  0]LogD3D11RHI: D3D11 adapters:
[2024.04.17-13.58.29:361][  0]LogD3D11RHI:    0. 'NVIDIA GeForce MX350' (Feature Level 11_0)
[2024.04.17-13.58.29:361][  0]LogD3D11RHI:       1979/0/3985 MB DedicatedVideo/DedicatedSystem/SharedSystem, Outputs:1, VendorId:0x10de
[2024.04.17-13.58.29:637][  0]LogD3D11RHI:    1. 'Intel(R) UHD Graphics' (Feature Level 11_0)
[2024.04.17-13.58.29:637][  0]LogD3D11RHI:       128/0/3985 MB DedicatedVideo/DedicatedSystem/SharedSystem, Outputs:0, VendorId:0x8086
[2024.04.17-13.58.29:643][  0]LogD3D11RHI:    2. 'Microsoft Basic Render Driver' (Feature Level 11_0)
[2024.04.17-13.58.29:643][  0]LogD3D11RHI:       0/0/3985 MB DedicatedVideo/DedicatedSystem/SharedSystem, Outputs:0, VendorId:0x1414
[2024.04.17-13.58.29:643][  0]LogD3D11RHI: Chosen D3D11 Adapter:
[2024.04.17-13.58.29:643][  0]LogD3D11RHI:     Description : NVIDIA GeForce MX350
[2024.04.17-13.58.29:643][  0]LogD3D11RHI:     VendorId    : 10de
[2024.04.17-13.58.29:643][  0]LogD3D11RHI:     DeviceId    : 1c94
[2024.04.17-13.58.29:643][  0]LogD3D11RHI:     SubSysId    : 14651025
[2024.04.17-13.58.29:643][  0]LogD3D11RHI:     Revision    : 00a1
[2024.04.17-13.58.29:643][  0]LogD3D11RHI:     DedicatedVideoMemory : 2075979776 bytes
[2024.04.17-13.58.29:643][  0]LogD3D11RHI:     DedicatedSystemMemory : 0 bytes
[2024.04.17-13.58.29:643][  0]LogD3D11RHI:     SharedSystemMemory : 4179259392 bytes
[2024.04.17-13.58.29:643][  0]LogD3D11RHI:     AdapterLuid : 0 75767
[2024.04.17-13.58.29:654][  0]LogD3D11RHI: Creating new Direct3DDevice
[2024.04.17-13.58.29:654][  0]LogD3D11RHI:     GPU DeviceId: 0x1c94 (for the marketing name, search the web for "GPU Device Id")
[2024.04.17-13.58.29:654][  0]LogWindows: EnumDisplayDevices:
[2024.04.17-13.58.29:655][  0]LogWindows:    0. 'Intel(R) UHD Graphics' (P:1 D:1)
[2024.04.17-13.58.29:656][  0]LogWindows:    1. 'Intel(R) UHD Graphics' (P:0 D:0)
[2024.04.17-13.58.29:656][  0]LogWindows:    2. 'Intel(R) UHD Graphics' (P:0 D:0)
[2024.04.17-13.58.29:657][  0]LogWindows:    3. 'Intel(R) UHD Graphics' (P:0 D:0)
[2024.04.17-13.58.29:658][  0]LogWindows: DebugString: PrimaryIsNotTheChoosenAdapter PrimaryIsNotTheChoosenAdapter PrimaryIsNotTheChoosenAdapter PrimaryIsNotTheChoosenAdapter FoundDriverCount:0 
[2024.04.17-13.58.29:658][  0]LogD3D11RHI:     Adapter Name: NVIDIA GeForce MX350
[2024.04.17-13.58.29:658][  0]LogD3D11RHI:   Driver Version: Unknown (internal:Unknown, unified:Unknown)
[2024.04.17-13.58.29:658][  0]LogD3D11RHI:      Driver Date: Unknown
[2024.04.17-13.58.29:658][  0]LogRHI: Texture pool is 1385 MB (70% of 1979 MB)
[2024.04.17-13.58.29:658][  0]LogD3D11RHI: Creating D3DDevice using adapter:
[2024.04.17-13.58.29:658][  0]LogD3D11RHI:     Description : NVIDIA GeForce MX350
[2024.04.17-13.58.29:658][  0]LogD3D11RHI:     VendorId    : 10de
[2024.04.17-13.58.29:658][  0]LogD3D11RHI:     DeviceId    : 1c94
[2024.04.17-13.58.29:658][  0]LogD3D11RHI:     SubSysId    : 14651025
[2024.04.17-13.58.29:658][  0]LogD3D11RHI:     Revision    : 00a1
[2024.04.17-13.58.29:658][  0]LogD3D11RHI:     DedicatedVideoMemory : 2075979776 bytes
[2024.04.17-13.58.29:658][  0]LogD3D11RHI:     DedicatedSystemMemory : 0 bytes
[2024.04.17-13.58.29:658][  0]LogD3D11RHI:     SharedSystemMemory : 4179259392 bytes
[2024.04.17-13.58.29:658][  0]LogD3D11RHI:     AdapterLuid : 0 75767
[2024.04.17-13.58.29:971][  0]LogD3D11RHI: RHI has support for 64 bit atomics
[2024.04.17-13.58.29:971][  0]LogD3D11RHI: Async texture creation enabled
[2024.04.17-13.58.29:971][  0]LogD3D11RHI: Array index from any shader is supported
[2024.04.17-13.58.30:014][  0]LogD3D11RHI: GPU Timing Frequency: 1000.000000 (Debug: 2 1)
[2024.04.17-13.58.30:387][  0]LogRHI: GeForceNow SDK initialized: 1
[2024.04.17-13.58.34:498][  0]LogTargetPlatformManager: Display: Loaded TargetPlatform 'WindowsNoEditor'
[2024.04.17-13.58.34:577][  0]LogTargetPlatformManager: Display: Loaded TargetPlatform 'Windows'
[2024.04.17-13.58.34:697][  0]LogTargetPlatformManager: Display: Loaded TargetPlatform 'WindowsClient'
[2024.04.17-13.58.34:786][  0]LogTargetPlatformManager: Display: Loaded TargetPlatform 'WindowsServer'
[2024.04.17-13.58.34:786][  0]LogTargetPlatformManager: Display: Building Assets For Windows
[2024.04.17-13.58.35:049][  0]LogAudioDebug: Display: Lib vorbis DLL was dynamically loaded.
[2024.04.17-13.58.35:975][  0]LogTextureFormatOodle: Display: Oodle Texture 2.9.0 init RDO Off
[2024.04.17-13.58.36:870][  0]LogRendererCore: Ray tracing is disabled. Reason: r.RayTracing=0.
[2024.04.17-13.58.36:871][  0]LogShaderCompilers: Guid format shader working directory is -48 characters bigger than the processId version (../../../../../../Users/User/Documents/TRI2/ProceduralGenProject/Major Project 2/ProGenRooms/Intermediate/Shaders/WorkingDirectory/12940/).
[2024.04.17-13.58.36:871][  0]LogShaderCompilers: Cleaned the shader compiler working directory 'C:/Users/User/AppData/Local/Temp/UnrealShaderWorkingDir/46369A8D4E51556FD9BE42993AD0C93B/'.
[2024.04.17-13.58.36:871][  0]LogXGEController: Cannot use XGE Controller as Incredibuild is not installed on this machine.
[2024.04.17-13.58.36:871][  0]LogShaderCompilers: Cannot use XGE Shader Compiler as Incredibuild is not installed on this machine.
[2024.04.17-13.58.36:871][  0]LogShaderCompilers: Display: Using Local Shader Compiler.
[2024.04.17-13.59.00:757][  0]LogDerivedDataCache: Display: Max Cache Size: 512 MB
[2024.04.17-13.59.01:060][  0]LogDerivedDataCache: Loaded boot cache 0.30s 94MB C:/Users/User/AppData/Local/UnrealEngine/4.27/DerivedDataCache/Boot.ddc.
[2024.04.17-13.59.01:060][  0]LogDerivedDataCache: Display: Loaded Boot cache: C:/Users/User/AppData/Local/UnrealEngine/4.27/DerivedDataCache/Boot.ddc
[2024.04.17-13.59.01:060][  0]LogDerivedDataCache: FDerivedDataBackendGraph:  Pak pak cache file ../../../../../../Users/User/Documents/TRI2/ProceduralGenProject/Major Project 2/ProGenRooms/DerivedDataCache/DDC.ddp not found, will not use a pak cache.
[2024.04.17-13.59.01:060][  0]LogDerivedDataCache: Unable to find inner node Pak for hierarchical cache Hierarchy.
[2024.04.17-13.59.01:060][  0]LogDerivedDataCache: FDerivedDataBackendGraph:  CompressedPak pak cache file ../../../../../../Users/User/Documents/TRI2/ProceduralGenProject/Major Project 2/ProGenRooms/DerivedDataCache/Compressed.ddp not found, will not use a pak cache.
[2024.04.17-13.59.01:060][  0]LogDerivedDataCache: Unable to find inner node CompressedPak for hierarchical cache Hierarchy.
[2024.04.17-13.59.01:142][  0]LogDerivedDataCache: Display: Pak cache opened for reading ../../../Engine/DerivedDataCache/Compressed.ddp.
[2024.04.17-13.59.01:142][  0]LogDerivedDataCache: FDerivedDataBackendGraph:  EnterprisePak pak cache file ../../../Enterprise/DerivedDataCache/Compressed.ddp not found, will not use a pak cache.
[2024.04.17-13.59.01:142][  0]LogDerivedDataCache: Unable to find inner node EnterprisePak for hierarchical cache Hierarchy.
[2024.04.17-13.59.01:324][  0]LogDerivedDataCache: Speed tests for C:/Users/User/AppData/Local/UnrealEngine/Common/DerivedDataCache took 0.18 seconds
[2024.04.17-13.59.01:324][  0]LogDerivedDataCache: Display: Performance to C:/Users/User/AppData/Local/UnrealEngine/Common/DerivedDataCache: Latency=0.14ms. RandomReadSpeed=5.68MBs, RandomWriteSpeed=56.51MBs. Assigned SpeedClass 'Local'
[2024.04.17-13.59.01:326][  0]LogDerivedDataCache: Using Local data cache path C:/Users/User/AppData/Local/UnrealEngine/Common/DerivedDataCache: Writable
[2024.04.17-13.59.01:327][  0]LogDerivedDataCache: Shared data cache path not found in *engine.ini, will not use an Shared cache.
[2024.04.17-13.59.01:327][  0]LogDerivedDataCache: Unable to find inner node Shared for hierarchical cache Hierarchy.
[2024.04.17-13.59.01:477][  0]LogSlate: Using FreeType 2.10.0
[2024.04.17-13.59.01:516][  0]LogSlate: SlateFontServices - WITH_FREETYPE: 1, WITH_HARFBUZZ: 1
[2024.04.17-13.59.04:009][  0]LogInit: Using OS detected language (en-GB).
[2024.04.17-13.59.04:009][  0]LogInit: Using OS detected locale (en-GB).
[2024.04.17-13.59.04:009][  0]LogTextLocalizationManager: No localization for 'en-GB' exists, so 'en' will be used for the language.
[2024.04.17-13.59.04:009][  0]LogTextLocalizationManager: No localization for 'en-GB' exists, so 'en' will be used for the locale.
[2024.04.17-13.59.04:009][  0]LogSlate: FontCache flush requested. Reason: Culture for localization was changed
[2024.04.17-13.59.04:009][  0]LogSlate: FontCache flush requested. Reason: Culture for localization was changed
[2024.04.17-13.59.04:021][  0]LogTextLocalizationManager: Compacting localization data took   0.02ms
[2024.04.17-13.59.04:021][  0]LogAssetRegistry: FAssetRegistry took 0.0071 seconds to start up
[2024.04.17-13.59.05:008][  0]LogPackageLocalizationCache: Processed 27 localized package path(s) for 1 prioritized culture(s) in 0.001878 seconds
[2024.04.17-13.59.05:246][  0]LogInit: Selected Device Profile: [Windows]
[2024.04.17-13.59.05:246][  0]LogInit: Active device profile: [000002534C825100][00000253444EA340 49] Windows
[2024.04.17-13.59.05:246][  0]LogInit: Profiles: [000002534C825100][00000253444EA340 49] Windows, [000002534C806500][00000253444EE5C0 49] WindowsNoEditor, [000002534C826200][00000253444F6880 49] WindowsServer, [000002534C805700][00000253444FAB40 49] WindowsClient, [000002534C825700][00000253444FEE00 49] IOS, [000002534C806700][00000253445030C0 49] iPadAir, [000002534C827C00][0000025344507380 49] iPadAir2, [000002534C7B1400][000002534451B8C0 49] IPadPro, [000002534C7B1500][000002534450B900 49] iPadAir3, [000002534C807800][0000025344513BC0 49] iPadAir4, [000002534C7B2300][000002534450E300 49] iPadMini2, [000002534C806F00][00000253444F2580 49] iPadMini3, [000002534C7B2F00][0000025344516800 49] iPadMini4, [000002534C805B00][0000025344522AC0 49] iPadMini5, [000002534C7D5000][0000025344279000 49] iPhone6, [000002534C7D5100][0000025344269040 49] iPodTouch6, [000002534C827900][0000025344281580 49] iPhone7, [000002534C826900][00000253442715C0 49] iPodTouch7, [000002534C7B1000][0000025344275880 49] iPhone5S, [000002534C826F00][000002534426DB40 49] iPhone6Plus, [000002534C7B3600][000002534427C280 49] iPhone6S, [000002534C824C00][0000025344284540 49] iPhone6SPlus, [000002534C825D00][000002534451E7C0 49] iPhone7Plus, [000002534C7D4800][0000025344288A40 49] iPhoneSE, [000002534C824400][0000025344290D00 49] iPhone8, [000002534C7D4900][0000025344294FC0 49] iPhone8Plus, [000002534C7D6E00][0000025344299280 49] iPhoneX, [000002534C7B1D00][000002534429D540 49] iPhoneXS, [000002534C7D6700][00000253442A1800 49] iPhoneXSMax, [000002534C7B1C00][00000253442A5AC0 49] iPhoneXR, [000002534C7D6800][00000253442A8200 49] iPhone11, [000002534C7B0F00][00000253442AC4C0 49] iPhone11Pro, [000002534C7D4B00][00000253442F0780 49] iPhone11ProMax, [000002534C7B0C00][000002534428CA00 49] iPhoneSE2, [000002534C7D4E00][00000253442F4C80 49] iPhone12Mini, [000002534C827800][00000253442FCF40 49] iPhone12, [000002534C7D7100][0000025344301200 49] iPhone12Pro, [000002534C827700][00000253443054C0 49] iPhone12ProMax, [000002534C7D5E00][0000025344309780 49] iPadPro105, [000002534C825400][000002534430DA40 49] iPadPro129, [000002534C7D7E00][0000025344310180 49] iPadPro97, [000002534C826800][0000025344314440 49] iPadPro2_129, [000002534C7D6000][0000025344318700 49] iPad5, [000002534C826300][000002534431C9C0 49] iPad6, [000002534C7D7B00][00000253442F8C40 49] iPad7, [000002534C825E00][0000025344320EC0 49] iPad8, [000002534C7D6500][0000025344329180 49] iPadPro11, [000002534C827E00][000002534432D440 49] iPadPro2_11, [000002534C7D5800][0000025344331700 49] iPadPro3_129, [000002534C827500][00000253443359C0 49] iPadPro4_129, [000002534C7D4200][0000025344338100 49] AppleTV, [000002534C827F00][000002534CE303C0 49] AppleTV4K, [000002534C7D6600][000002534CE34680 49] TVOS, [000002534C824E00][000002534CE38940 49] Mac, [000002534C7D5D00][000002534CE3CC00 49] MacClient, [000002534C827A00][0000025344324E80 49] MacNoEditor, [000002534C7D7A00][000002534CE41100 49] MacServer, [000002534C827100][000002534CE493C0 49] Linux, [000002534C7D5600][000002534CE4D680 49] LinuxAArch64, [000002534C824800][000002534CE51940 49] LinuxNoEditor, [000002534C7D4C00][000002534CE55C00 49] LinuxAArch64NoEditor, [000002534C827B00][000002534CE58340 49] LinuxClient, [000002534C7D7400][000002534CE5C600 49] LinuxAArch64Client, [000002534C825A00][000002534CE608C0 49] LinuxServer, [000002534C7D4700][000002534CE64B80 49] LinuxAArch64Server, [000002534C827300][000002534CE68E40 49] Android, [000002534C7D6A00][000002534CE450C0 49] Android_Low, [000002534C826C00][000002534CE6D340 49] Android_Mid, [000002534C7D5F00][000002534CE75600 49] Android_High, [000002534C826A00][000002534CE798C0 49] Android_Default, [000002534C7D7C00][000002534CE7DB80 49] Android_Adreno4xx, [000002534C824600][000002534CE802C0 49] Android_Adreno5xx_Low, [000002534C7D4300][000002534CE84580 49] Android_Adreno5xx, [000002534C825000][000002534CE88840 49] Android_Adreno6xx, [000002534C7D6900][000002534CE8CB00 49] Android_Adreno6xx_Vulkan, [000002534C826000][000002534CE90DC0 49] Android_Mali_T6xx, [000002534C7D6300][000002534CE95080 49] Android_Mali_T7xx, [000002534C825F00][000002534CE71300 49] Android_Mali_T8xx, [000002534C7D6D00][000002534CE99580 49] Android_Mali_G71, [000002534C7B3100][000002534CEA1840 49] Android_Mali_G72, [000002534C806D00][000002534CEA5B00 49] Android_Mali_G72_Vulkan, [000002534C7B2B00][000002534CEA8240 49] Android_Mali_G76, [000002534C804500][000002534CEAC500 49] Android_Mali_G76_Vulkan, [000002534C7B2600][000002534CEB07C0 49] Android_Mali_G77, [000002534C807F00][000002534CEB4A80 49] Android_Mali_G77_Vulkan, [000002534C7B2400][000002534CEB8D40 49] Android_Mali_G78, [000002534C804D00][000002534CEBD000 49] Android_Mali_G78_Vulkan, [000002534C7B3500][000002534CEC12C0 49] Android_Mali_G710, [000002534C806900][000002534CE9D540 49] Android_Mali_G710_Vulkan, [000002534C7B3E00][000002534CEC57C0 49] Android_Vulkan_SM5, [000002534C805800][000002534CECDA80 49] Android_PowerVR_G6xxx, [000002534C7B0500][000002534CED01C0 49] Android_PowerVR_GT7xxx, [000002534C804200][000002534CED4480 49] Android_PowerVR_GE8xxx, [000002534C7B3B00][000002534CED8740 49] Android_PowerVR_GM9xxx, [000002534C805F00][000002534CEDCA00 49] Android_PowerVR_GM9xxx_Vulkan, [000002534C7B1F00][000002534CEE0CC0 49] Android_TegraK1, [000002534C804A00][000002534CEE4F80 49] Android_Unknown_Vulkan, [000002534C7B3900][000002534CEE9240 49] Lumin, [000002534C805200][000002534CEED500 49] Lumin_Desktop, [000002534C7B1E00][000002534CEC9780 49] HoloLens, 
[2024.04.17-13.59.06:659][  0]LogMeshReduction: Using QuadricMeshReduction for automatic static mesh reduction
[2024.04.17-13.59.06:659][  0]LogMeshReduction: Using SimplygonMeshReduction for automatic skeletal mesh reduction
[2024.04.17-13.59.06:659][  0]LogMeshReduction: Using ProxyLODMeshReduction for automatic mesh merging
[2024.04.17-13.59.06:659][  0]LogMeshReduction: No distributed automatic mesh merging module available
[2024.04.17-13.59.06:660][  0]LogMeshMerging: No distributed automatic mesh merging module available
[2024.04.17-13.59.07:133][  0]LogNetVersion: ProGenRooms 1.0.0, NetCL: 17155196, EngineNetVer: 17, GameNetVer: 0 (Checksum: 1503156181)
[2024.04.17-13.59.12:319][  0]LogTexture: Default maximum texture size for cubemaps generated from long-lat sources has been changed from 512 to unlimited. In order to preserve old behaiour for '/Engine/MapTemplates/Sky/DaylightAmbientCubemap.DaylightAmbientCubemap', its maximum texture size has been explicitly set to 512.
[2024.04.17-13.59.12:637][  0]LogHMD: PokeAHoleMaterial loaded successfully
[2024.04.17-13.59.15:056][  0]LogMoviePlayer: Initializing movie player
[2024.04.17-13.59.16:433][  0]LogNiagaraDebuggerClient: Niagara Debugger Client Initialized | Session: B748376B4471A3AEA9048B9BF3C6498D | Instance: B69F255A4301D80DEDC57EAD3455A5CC (DESKTOP-6J2T3KM-12940).
[2024.04.17-13.59.16:780][  0]LogCollectionManager: Loaded 0 collections in 0.006665 seconds
[2024.04.17-13.59.16:785][  0]LogFileCache: Scanning file cache for directory 'C:/Users/User/Documents/TRI2/ProceduralGenProject/Major Project 2/ProGenRooms/Saved/Collections/' took 0.00s
[2024.04.17-13.59.16:785][  0]LogFileCache: Scanning file cache for directory 'C:/Users/User/Documents/TRI2/ProceduralGenProject/Major Project 2/ProGenRooms/Content/Developers/User/Collections/' took 0.00s
[2024.04.17-13.59.16:785][  0]LogCollectionManager: Fixed up redirectors for 0 collections in 0.000004 seconds (updated 0 objects)
[2024.04.17-13.59.18:450][  0]LogFileCache: Scanning file cache for directory 'C:/Users/User/Documents/TRI2/ProceduralGenProject/Major Project 2/ProGenRooms/Content/Collections/' took 0.00s
[2024.04.17-13.59.18:450][  0]LogPython: Using Python 3.7.7
[2024.04.17-13.59.21:161][  0]LogUdpMessaging: Initializing bridge on interface 0.0.0.0:0 to multicast group 230.0.0.1:6666.
[2024.04.17-13.59.21:243][  0]LogTcpMessaging: Initializing TcpMessaging bridge
[2024.04.17-13.59.22:250][  0]SourceControl: Source control is disabled
[2024.04.17-13.59.22:250][  0]SourceControl: Source control is disabled
[2024.04.17-13.59.22:339][  0]SourceControl: Source control is disabled
[2024.04.17-13.59.22:465][  0]LogUProjectInfo: Found projects:
[2024.04.17-13.59.24:549][  0]LogOpenImageDenoise: OIDN starting up
[2024.04.17-13.59.25:784][  0]LogAndroidPermission: UAndroidPermissionCallbackProxy::GetInstance
[2024.04.17-13.59.26:370][  0]LogAudioCaptureCore: Display: No Audio Capture implementations found. Audio input will be silent.
[2024.04.17-13.59.26:372][  0]LogAudioCaptureCore: Display: No Audio Capture implementations found. Audio input will be silent.
[2024.04.17-13.59.27:529][  0]LogOcInput: OculusInput pre-init called
[2024.04.17-13.59.27:559][  0]LogUObjectArray: 22121 objects as part of root set at end of initial load.
[2024.04.17-13.59.27:559][  0]LogUObjectAllocator: 5975632 out of 0 bytes used by permanent object pool.
[2024.04.17-13.59.27:559][  0]LogUObjectArray: CloseDisregardForGC: 0/0 objects in disregard for GC pool
[2024.04.17-13.59.28:154][  0]LogEngine: Initializing Engine...
[2024.04.17-13.59.28:442][  0]LogHMD: Failed to enumerate extensions. Please check that you have a valid OpenXR runtime installed.
[2024.04.17-13.59.28:448][  0]LogHMD: Failed to initialize OpenVR with code 110
[2024.04.17-13.59.28:448][  0]LogMagicLeap: Warning: VR disabled because ZI is not enabled.  To enable, in the editor, Edit -> Project Settings -> Plugins -> Magic Leap Plugin -> Enable Zero Iteration
[2024.04.17-13.59.28:458][  0]LogStats: UGameplayTagsManager::InitializeManager -  0.000 s
[2024.04.17-13.59.31:056][  0]LogInit: Initializing FReadOnlyCVARCache
[2024.04.17-13.59.31:057][  0]LogAudio: Display: Initializing Audio Device Manager...
[2024.04.17-13.59.31:233][  0]LogAudio: Display: Loading Default Audio Settings Objects...
[2024.04.17-13.59.31:271][  0]LogAudio: Display: No default SoundConcurrencyObject specified (or failed to load).
[2024.04.17-13.59.31:273][  0]LogAudio: Display: Audio Device Manager Initialized
[2024.04.17-13.59.31:273][  0]LogAudio: Display: Creating Audio Device:                 Id: 1, Scope: Shared, Realtime: True
[2024.04.17-13.59.31:274][  0]LogAudioMixer: Display: Audio Mixer Platform Settings:
[2024.04.17-13.59.31:275][  0]LogAudioMixer: Display: 	Sample Rate:						  48000
[2024.04.17-13.59.31:275][  0]LogAudioMixer: Display: 	Callback Buffer Frame Size Requested: 1024
[2024.04.17-13.59.31:275][  0]LogAudioMixer: Display: 	Callback Buffer Frame Size To Use:	  1024
[2024.04.17-13.59.31:275][  0]LogAudioMixer: Display: 	Number of buffers to queue:			  2
[2024.04.17-13.59.31:277][  0]LogAudioMixer: Display: 	Max Channels (voices):				  32
[2024.04.17-13.59.31:277][  0]LogAudioMixer: Display: 	Number of Async Source Workers:		  0
[2024.04.17-13.59.31:278][  0]LogAudio: Display: AudioDevice MaxSources: 32
[2024.04.17-13.59.31:279][  0]LogAudio: Display: Audio Spatialization Plugin: None (built-in).
[2024.04.17-13.59.31:279][  0]LogAudio: Display: Audio Reverb Plugin: None (built-in).
[2024.04.17-13.59.31:279][  0]LogAudio: Display: Audio Occlusion Plugin: None (built-in).
[2024.04.17-13.59.31:279][  0]LogAudioMixer: Display: Initializing audio mixer.
[2024.04.17-13.59.31:863][  0]LogAudioMixer: Display: 0: FrontLeft
[2024.04.17-13.59.31:863][  0]LogAudioMixer: Display: 1: FrontRight
